--------------- Build Started: 03/21/2024 10:13:13 Project: CarnivalGame, Configuration: ARM GCC 5.4-2016-q2-update Debug ---------------
cydsfit.exe -.appdatapath "C:\Users\wooma\AppData\Local\Cypress Semiconductor\PSoC Creator\4.4" -.fdsnotice -.fdswarpdepfile=warp_dependencies.txt -.fdselabdepfile=elab_dependencies.txt -.fdsbldfile=generated_files.txt -.fdsreffile=referenced_files.txt -p "C:\Users\wooma\OneDrive\Documents\PSoC Creator\SeniorDesign\CarnivalGame.cydsn\CarnivalGame.cyprj" -d CYBLE-416045-02 -s "C:\Users\wooma\OneDrive\Documents\PSoC Creator\SeniorDesign\CarnivalGame.cydsn\Generated_Source\PSoC6" -- -yv2 -q10 -ygs -o2 -v3 -.fftcfgtype=LE
Elaborating Design...
HDL Generation...
Synthesis...
Tech Mapping...
ADD: pft.M0040: information: The following 5 pin(s) will be assigned a location by the fitter: \UART:rx(0)\, \UART:tx(0)\, \WS_SPI:mosi_m(0)\, \WS_SPI:ss0_m(0)\, Button(0)
Info: plm.M0038: The pin named CY_CPUSS_SWJ_SWCLK_TCLK(0) at location P6[7] prevents usage of special purposes: SCB[6].uart_cts. (App=cydsfit)
Info: plm.M0038: The pin named CY_CPUSS_SWJ_SWCLK_TCLK(0) at location P6[7] prevents usage of special purposes: SCB[6].spi_select[0]. (App=cydsfit)
Info: plm.M0038: The pin named CY_CPUSS_SWJ_SWCLK_TCLK(0) at location P6[7] prevents usage of special purposes: SCB[8].spi_select[0]. (App=cydsfit)
Info: plm.M0038: The pin named CY_CPUSS_SWJ_SWDIO_TMS(0) at location P6[6] prevents usage of special purposes: SCB[6].uart_rts. (App=cydsfit)
Info: plm.M0038: The pin named CY_CPUSS_SWJ_SWDIO_TMS(0) at location P6[6] prevents usage of special purposes: SCB[6].spi_clk. (App=cydsfit)
Info: plm.M0038: The pin named CY_CPUSS_SWJ_SWDIO_TMS(0) at location P6[6] prevents usage of special purposes: SCB[8].spi_clk. (App=cydsfit)
Analog Placement...
Analog Routing...
Analog Code Generation...
Digital Placement...
Digital Routing...
Bitstream Generation...
Bitstream Verification...
Static timing analysis...
API Generation...
Dependency Generation...
Cleanup...
arm-none-eabi-gcc.exe -mcpu=cortex-m0plus -mthumb -I. -IGenerated_Source\PSoC6 -IGenerated_Source\PSoC6\pdl\cmsis/include/ -IGenerated_Source\PSoC6\pdl\devices/psoc6/include/ -IGenerated_Source\PSoC6\pdl\devices/psoc6/include/ip/ -IGenerated_Source\PSoC6\pdl\drivers/peripheral/ -IGenerated_Source\PSoC6\pdl\drivers/peripheral/device/ -IGenerated_Source\PSoC6\pdl\drivers/peripheral/efuse/ -IGenerated_Source\PSoC6\pdl\drivers/peripheral/flash/ -IGenerated_Source\PSoC6\pdl\drivers/peripheral/gpio/ -IGenerated_Source\PSoC6\pdl\drivers/peripheral/i2s/ -IGenerated_Source\PSoC6\pdl\drivers/peripheral/ipc/ -IGenerated_Source\PSoC6\pdl\drivers/peripheral/lvd/ -IGenerated_Source\PSoC6\pdl\drivers/peripheral/profile/ -IGenerated_Source\PSoC6\pdl\drivers/peripheral/prot/ -IGenerated_Source\PSoC6\pdl\drivers/peripheral/scb/ -IGenerated_Source\PSoC6\pdl\drivers/peripheral/sysanalog/ -IGenerated_Source\PSoC6\pdl\drivers/peripheral/sysclk/ -IGenerated_Source\PSoC6\pdl\drivers/peripheral/sysint/ -IGenerated_Source\PSoC6\pdl\drivers/peripheral/syslib/ -IGenerated_Source\PSoC6\pdl\drivers/peripheral/syspm/ -IGenerated_Source\PSoC6\pdl\drivers/peripheral/systick/ -IGenerated_Source\PSoC6\pdl\drivers/peripheral/trigmux/ -IGenerated_Source\PSoC6\pdl\drivers/peripheral/wdt/ -IGenerated_Source\PSoC6\pdl\middleware/ -IGenerated_Source\PSoC6\pdl\utilities/ -Wa,-alh=.\CortexM0p\ARM_GCC_541\Debug/main_cm0p.lst -g -D DEBUG -D CY_CORE_ID=0 -D CY_PSOC_CREATOR_USED=1 -D CYBLE_416045_02 -Wall -ffunction-sections -ffat-lto-objects -Og -c main_cm0p.c -o .\CortexM0p\ARM_GCC_541\Debug\main_cm0p.o
arm-none-eabi-gcc.exe -Wl,--start-group -o "C:\Users\wooma\OneDrive\Documents\PSoC Creator\SeniorDesign\CarnivalGame.cydsn\CortexM0p\ARM_GCC_541\Debug\CarnivalGame_link.elf" .\CortexM0p\ARM_GCC_541\Debug\startup_psoc6_01_cm0plus.o .\CortexM0p\ARM_GCC_541\Debug\main_cm0p.o .\CortexM0p\ARM_GCC_541\Debug\system_psoc6_cm0plus.o .\CortexM0p\ARM_GCC_541\Debug\wave.o .\CortexM0p\ARM_GCC_541\Debug\stdio_user.o .\CortexM0p\ARM_GCC_541\Debug\cyfitter_sysint_cfg.o .\CortexM0p\ARM_GCC_541\Debug\cyfitter_cfg.o .\CortexM0p\ARM_GCC_541\Debug\cymetadata.o .\CortexM0p\ARM_GCC_541\Debug\cy_efuse.o .\CortexM0p\ARM_GCC_541\Debug\cy_flash.o .\CortexM0p\ARM_GCC_541\Debug\cy_gpio.o .\CortexM0p\ARM_GCC_541\Debug\cy_ipc_drv.o .\CortexM0p\ARM_GCC_541\Debug\cy_ipc_sema.o .\CortexM0p\ARM_GCC_541\Debug\cy_ipc_pipe.o .\CortexM0p\ARM_GCC_541\Debug\cy_lvd.o .\CortexM0p\ARM_GCC_541\Debug\cy_profile.o .\CortexM0p\ARM_GCC_541\Debug\cy_prot.o .\CortexM0p\ARM_GCC_541\Debug\cy_scb_common.o .\CortexM0p\ARM_GCC_541\Debug\cy_scb_i2c.o .\CortexM0p\ARM_GCC_541\Debug\cy_scb_ezi2c.o .\CortexM0p\ARM_GCC_541\Debug\cy_scb_spi.o .\CortexM0p\ARM_GCC_541\Debug\cy_scb_uart.o .\CortexM0p\ARM_GCC_541\Debug\cy_sysanalog.o .\CortexM0p\ARM_GCC_541\Debug\cy_sysclk.o .\CortexM0p\ARM_GCC_541\Debug\cy_sysint.o .\CortexM0p\ARM_GCC_541\Debug\cy_syslib.o .\CortexM0p\ARM_GCC_541\Debug\cy_syslib_gcc.o .\CortexM0p\ARM_GCC_541\Debug\cy_syspm.o .\CortexM0p\ARM_GCC_541\Debug\cy_systick.o .\CortexM0p\ARM_GCC_541\Debug\cy_trigmux.o .\CortexM0p\ARM_GCC_541\Debug\cy_wdt.o .\CortexM0p\ARM_GCC_541\Debug\cy_device.o .\CortexM0p\ARM_GCC_541\Debug\cy_i2s.o .\CortexM0p\ARM_GCC_541\Debug\cy_ble_clk.o .\CortexM0p\ARM_GCC_541\Debug\retarget.o .\CortexM0p\ARM_GCC_541\Debug\UART.o .\CortexM0p\ARM_GCC_541\Debug\I2S.o .\CortexM0p\ARM_GCC_541\Debug\WS_SPI.o -mcpu=cortex-m0plus -mthumb -L Generated_Source\PSoC6 -Wl,-Map,.\CortexM0p\ARM_GCC_541\Debug/CarnivalGame.map -T cy8c6xx7_cm0plus.ld -specs=nano.specs -Wl,--gc-sections -g -ffunction-sections -Og -ffat-lto-objects -Wl,--end-group
"C:\Program Files (x86)\Cypress\PDL\3.1.3\tools\win\elf\cymcuelftool.exe" --sign "C:\Users\wooma\OneDrive\Documents\PSoC Creator\SeniorDesign\CarnivalGame.cydsn\CortexM0p\ARM_GCC_541\Debug\CarnivalGame_link.elf" --output "C:\Users\wooma\OneDrive\Documents\PSoC Creator\SeniorDesign\CarnivalGame.cydsn\CortexM0p\ARM_GCC_541\Debug\CarnivalGame.elf" --hex "C:\Users\wooma\OneDrive\Documents\PSoC Creator\SeniorDesign\CarnivalGame.cydsn\CortexM0p\ARM_GCC_541\Debug\CarnivalGame.hex"
No ELF section .cychecksum found, creating one
Application checksum calculated and stored in ELF section .cychecksum
Checksum calculated and stored in ELF section .cymeta
The compile step is up to date, no work needs to be done.
The link step is up to date, no work needs to be done.
"C:\Program Files (x86)\Cypress\PDL\3.1.3\tools\win\elf\cymcuelftool.exe" --sign "C:\Users\wooma\OneDrive\Documents\PSoC Creator\SeniorDesign\CarnivalGame.cydsn\CortexM4\ARM_GCC_541\Debug\CarnivalGame_link.elf" --output "C:\Users\wooma\OneDrive\Documents\PSoC Creator\SeniorDesign\CarnivalGame.cydsn\CortexM4\ARM_GCC_541\Debug\CarnivalGame_signed.elf" --hex "C:\Users\wooma\OneDrive\Documents\PSoC Creator\SeniorDesign\CarnivalGame.cydsn\CortexM4\ARM_GCC_541\Debug\CarnivalGame_signed.hex"
No ELF section .cychecksum found, creating one
Application checksum calculated and stored in ELF section .cychecksum
Checksum calculated and stored in ELF section .cymeta
"C:\Program Files (x86)\Cypress\PDL\3.1.3\tools\win\elf\cymcuelftool.exe" --merge "C:\Users\wooma\OneDrive\Documents\PSoC Creator\SeniorDesign\CarnivalGame.cydsn\CortexM4\ARM_GCC_541\Debug\CarnivalGame_signed.elf" "C:\Users\wooma\OneDrive\Documents\PSoC Creator\SeniorDesign\CarnivalGame.cydsn\CortexM0p\ARM_GCC_541\Debug\CarnivalGame.elf" --output "C:\Users\wooma\OneDrive\Documents\PSoC Creator\SeniorDesign\CarnivalGame.cydsn\CortexM4\ARM_GCC_541\Debug\CarnivalGame.elf" --hex "C:\Users\wooma\OneDrive\Documents\PSoC Creator\SeniorDesign\CarnivalGame.cydsn\CortexM4\ARM_GCC_541\Debug\CarnivalGame.hex"
Application checksum calculated and stored in ELF section .cychecksum
Checksum calculated and stored in ELF section .cymeta
"C:\Program Files (x86)\Cypress\PDL\3.1.3\tools\win\elf\cymcuelftool.exe" -A "C:\Users\wooma\OneDrive\Documents\PSoC Creator\SeniorDesign\CarnivalGame.cydsn\CortexM4\ARM_GCC_541\Debug\CarnivalGame.elf"
code:524928	sram:2156
--------------- Build Succeeded: 03/21/2024 10:13:52 ---------------
