--------------- Build Started: 02/16/2024 11:22:57 Project: CarnivalGame, Configuration: ARM GCC 5.4-2016-q2-update Debug ---------------
cydsfit.exe -.appdatapath "C:\Users\Vicky\AppData\Local\Cypress Semiconductor\PSoC Creator\4.4" -.fdsnotice -.fdswarpdepfile=warp_dependencies.txt -.fdselabdepfile=elab_dependencies.txt -.fdsbldfile=generated_files.txt -.fdsreffile=referenced_files.txt -p "C:\Users\Vicky\Documents\PSoC Creator\SeniorDesign\CarnivalGame.cydsn\CarnivalGame.cyprj" -d CYBLE-416045-02 -s "C:\Users\Vicky\Documents\PSoC Creator\SeniorDesign\CarnivalGame.cydsn\Generated_Source\PSoC6" -- -yv2 -q10 -ygs -o2 -v3 -.fftcfgtype=LE
Elaborating Design...
ADD: fit.M0052: information: Interrupt "UART_SCB_IRQ" is currently mapped to multiple cores on the device.
 * C:\Users\Vicky\Documents\PSoC Creator\SeniorDesign\CarnivalGame.cydsn\CarnivalGame.cydwr (UART_SCB_IRQ)
ADD: fit.M0052: information: Interrupt "SendMessage_IRQ" is currently mapped to multiple cores on the device.
 * C:\Users\Vicky\Documents\PSoC Creator\SeniorDesign\CarnivalGame.cydsn\CarnivalGame.cydwr (SendMessage_IRQ)
ADD: fit.M0052: information: Interrupt "Button1Pressed_IRQ" is currently mapped to multiple cores on the device.
 * C:\Users\Vicky\Documents\PSoC Creator\SeniorDesign\CarnivalGame.cydsn\CarnivalGame.cydwr (Button1Pressed_IRQ)
HDL Generation...
Synthesis...
Tech Mapping...
Info: plm.M0038: The pin named CY_CPUSS_SWJ_SWCLK_TCLK(0) at location P6[7] prevents usage of special purposes: SCB[6].uart_cts. (App=cydsfit)
Info: plm.M0038: The pin named CY_CPUSS_SWJ_SWCLK_TCLK(0) at location P6[7] prevents usage of special purposes: SCB[6].spi_select[0]. (App=cydsfit)
Info: plm.M0038: The pin named CY_CPUSS_SWJ_SWCLK_TCLK(0) at location P6[7] prevents usage of special purposes: SCB[8].spi_select[0]. (App=cydsfit)
Info: plm.M0038: The pin named CY_CPUSS_SWJ_SWDIO_TMS(0) at location P6[6] prevents usage of special purposes: SCB[6].uart_rts. (App=cydsfit)
Info: plm.M0038: The pin named CY_CPUSS_SWJ_SWDIO_TMS(0) at location P6[6] prevents usage of special purposes: SCB[6].spi_clk. (App=cydsfit)
Info: plm.M0038: The pin named CY_CPUSS_SWJ_SWDIO_TMS(0) at location P6[6] prevents usage of special purposes: SCB[8].spi_clk. (App=cydsfit)
Analog Placement...
Analog Routing...
Analog Code Generation...
Digital Placement...
Digital Routing...
Bitstream Generation...
Bitstream Verification...
Static timing analysis...
API Generation...
DEL: fit.M0052: information: Interrupt "SendMessage_IRQ" is currently mapped to multiple cores on the device.
 * C:\Users\Vicky\Documents\PSoC Creator\SeniorDesign\CarnivalGame.cydsn\CarnivalGame.cydwr (SendMessage_IRQ)
DEL: fit.M0052: information: Interrupt "Button1Pressed_IRQ" is currently mapped to multiple cores on the device.
 * C:\Users\Vicky\Documents\PSoC Creator\SeniorDesign\CarnivalGame.cydsn\CarnivalGame.cydwr (Button1Pressed_IRQ)
ADD: fit.M0052: information: Interrupt "SendMessage_IRQ" is currently mapped to multiple cores on the device.
 * C:\Users\Vicky\Documents\PSoC Creator\SeniorDesign\CarnivalGame.cydsn\CarnivalGame.cydwr (SendMessage_IRQ)
ADD: fit.M0052: information: Interrupt "Button1Pressed_IRQ" is currently mapped to multiple cores on the device.
 * C:\Users\Vicky\Documents\PSoC Creator\SeniorDesign\CarnivalGame.cydsn\CarnivalGame.cydwr (Button1Pressed_IRQ)
Dependency Generation...
Cleanup...
--------------- Build Skipped: 02/16/2024 11:23:17 ---------------
